[debug] [2022-12-01T05:17:00.361Z] ----------------------------------------------------------------------
[debug] [2022-12-01T05:17:00.367Z] Command:       C:\Program Files\nodejs\node.exe C:\Users\zS20006736\AppData\Roaming\npm\node_modules\firebase-tools\lib\bin\firebase.js init
[debug] [2022-12-01T05:17:00.369Z] CLI Version:   11.16.1
[debug] [2022-12-01T05:17:00.369Z] Platform:      win32
[debug] [2022-12-01T05:17:00.370Z] Node Version:  v16.17.1
[debug] [2022-12-01T05:17:00.374Z] Time:          Wed Nov 30 2022 23:17:00 GMT-0600 (hora estándar central)
[debug] [2022-12-01T05:17:00.375Z] ----------------------------------------------------------------------
[debug] 
[debug] [2022-12-01T05:17:00.402Z] > command requires scopes: ["email","openid","https://www.googleapis.com/auth/cloudplatformprojects.readonly","https://www.googleapis.com/auth/firebase","https://www.googleapis.com/auth/cloud-platform"]
[debug] [2022-12-01T05:17:00.404Z] > authorizing via signed-in user (ojedarosasjaor@gmail.com)
[info] 
     ######## #### ########  ######## ########     ###     ######  ########
     ##        ##  ##     ## ##       ##     ##  ##   ##  ##       ##
     ######    ##  ########  ######   ########  #########  ######  ######
     ##        ##  ##    ##  ##       ##     ## ##     ##       ## ##
     ##       #### ##     ## ######## ########  ##     ##  ######  ########

You're about to initialize a Firebase project in this directory:

  C:\Users\zS20006736\Desktop\angular-tour-of-heroes

[info] 
=== Project Setup
[info] 
[info] First, let's associate this project directory with a Firebase project.
[info] You can create multiple project aliases by running firebase use --add, 
[info] but for now we'll just set up a default project.
[info] 
[debug] [2022-12-01T05:17:43.726Z] > refreshing access token with scopes: []
[debug] [2022-12-01T05:17:43.733Z] >>> [apiv2][query] POST https://www.googleapis.com/oauth2/v3/token [none]
[debug] [2022-12-01T05:17:43.734Z] >>> [apiv2][body] POST https://www.googleapis.com/oauth2/v3/token [omitted]
[debug] [2022-12-01T05:17:44.158Z] <<< [apiv2][status] POST https://www.googleapis.com/oauth2/v3/token 200
[debug] [2022-12-01T05:17:44.159Z] <<< [apiv2][body] POST https://www.googleapis.com/oauth2/v3/token [omitted]
[debug] [2022-12-01T05:17:44.260Z] >>> [apiv2][query] GET https://firebase.googleapis.com/v1beta1/projects pageSize=100
[debug] [2022-12-01T05:17:44.743Z] <<< [apiv2][status] GET https://firebase.googleapis.com/v1beta1/projects 200
[debug] [2022-12-01T05:17:44.743Z] <<< [apiv2][body] GET https://firebase.googleapis.com/v1beta1/projects [omitted]
[info] i  Using project heroes-355d8 (Heroes) 
[info] 
=== Hosting Setup
[info] 
[info] Your public directory is the folder (relative to your project directory) that
[info] will contain Hosting assets to be uploaded with firebase deploy. If you
[info] have a build process for your assets, use your build's output directory.
[info] 
